xxx
main.test1112
    /Users/kevin/go/src/github.com/gohouse/e/examples/test.go:17
main.test111
    /Users/kevin/go/src/github.com/gohouse/e/examples/test.go:13
main.main
    /Users/kevin/go/src/github.com/gohouse/e/examples/test.go:9
--------------------------------------------------
xxx
main.test1112
    /Users/kevin/go/src/github.com/gohouse/e/examples/test.go:17
main.test111
    /Users/kevin/go/src/github.com/gohouse/e/examples/test.go:13
main.main
    /Users/kevin/go/src/github.com/gohouse/e/examples/test.go:9
--------------------------------------------------
错误信息实验
main.test1112
    /Users/kevin/go/src/github.com/gohouse/e/examples/test.go:17
main.test111
    /Users/kevin/go/src/github.com/gohouse/e/examples/test.go:13
main.main
    /Users/kevin/go/src/github.com/gohouse/e/examples/test.go:9
--------------------------------------------------
错误信息实验
main.test1112
    /Users/kevin/go/src/github.com/gohouse/e/examples/test.go:17
main.test111
    /Users/kevin/go/src/github.com/gohouse/e/examples/test.go:13
main.main
    /Users/kevin/go/src/github.com/gohouse/e/examples/test.go:9
--------------------------------------------------
error_msg:错误信息实验
main.test1112
    /Users/kevin/go/src/github.com/gohouse/e/examples/test.go:17
main.test111
    /Users/kevin/go/src/github.com/gohouse/e/examples/test.go:13
main.main
    /Users/kevin/go/src/github.com/gohouse/e/examples/test.go:9
--------------------------------------------------
error_msg:错误信息实验
main.test1112
    /Users/kevin/go/src/github.com/gohouse/e/examples/test.go:17
main.test111
    /Users/kevin/go/src/github.com/gohouse/e/examples/test.go:13
main.main
    /Users/kevin/go/src/github.com/gohouse/e/examples/test.go:9
--------------------------------------------------
